<?xml version="1.0" encoding="UTF-8"?>
<!-- Generated by org.testng.reporters.JUnitReportReporter -->
<testsuite skipped="0" hostname="Daths-PC" name="script.VerifyModalWindow" tests="1" failures="0" timestamp="25 Jan 2020 07:56:03 GMT" time="10.697" errors="0">
  <testcase name="verifyModalWindTest" time="10.697" classname="script.VerifyModalWindow"/>
</testsuite> <!-- script.VerifyModalWindow -->
