<?xml version="1.0" encoding="UTF-8"?>
<!-- Generated by org.testng.reporters.JUnitReportReporter -->
<testsuite skipped="0" hostname="Daths-PC" name="script.Assignments" tests="6" failures="0" timestamp="25 Jan 2020 10:18:35 GMT" time="89.168" errors="0">
  <testcase name="invalidLoginTest" time="18.692" classname="script.Assignments"/>
  <testcase name="ValidloginTest" time="11.234" classname="script.Assignments"/>
  <testcase name="extractDynamicText" time="25.909" classname="script.Assignments"/>
  <testcase name="verifyModalWindTest" time="13.521" classname="script.Assignments"/>
  <testcase name="getUserNamesWithMouseHover" time="7.079" classname="script.Assignments"/>
  <testcase name="infiniteScroll" time="12.733" classname="script.Assignments"/>
</testsuite> <!-- script.Assignments -->
