<?xml version="1.0" encoding="UTF-8"?>
<!-- Generated by org.testng.reporters.JUnitReportReporter -->
<testsuite skipped="0" hostname="Daths-PC" name="script.DynamicLoadTest" tests="1" failures="0" timestamp="25 Jan 2020 08:07:20 GMT" time="13.812" errors="0">
  <testcase name="verifyModalWindTest" time="13.812" classname="script.DynamicLoadTest"/>
</testsuite> <!-- script.DynamicLoadTest -->
